C51 COMPILER V9.60.7.0   TIMER0                                                            05/25/2025 23:18:20 PAGE 1   


C51 COMPILER V9.60.7.0, COMPILATION OF MODULE TIMER0
OBJECT MODULE PLACED IN .\Objects\timer0.obj
COMPILER INVOKED BY: D:\mcu\Keil_v5\C51\BIN\C51.EXE bsp\timer0\timer0.c OPTIMIZE(8,SPEED) BROWSE INCDIR(.\main;.\system;
                    -.\bsp\beep;.\bsp\eeprom;.\bsp\oled;.\bsp\encoder;.\bsp\timer0) DEBUG OBJECTEXTEND PRINT(.\Listings\timer0.lst) TABS(2) O
                    -BJECT(.\Objects\timer0.obj)

line level    source

   1          #include "timer0.h"
   2          #include "encoder.h"
   3          
   4          #define TIMER_MS 10
   5          #define TIMER_COUNTS (65536UL - ((FOSC / 12) * TIMER_MS / 1000))
   6          #define TH0_INIT (TIMER_COUNTS >> 8)
   7          #define TL0_INIT (TIMER_COUNTS & 0xFF)
   8          
   9          volatile int timer_flage = 0;
  10          
  11          void Timer0_Init(void)
  12          {
  13   1          TMOD &= 0xF0;    // 定时器0模式1 (16位)
  14   1          TMOD |= 0x01;
  15   1      
  16   1          TH0 = TH0_INIT;
  17   1          TL0 = TL0_INIT;
  18   1      
  19   1          ET0 = 1;  // 开启定时器0中断
  20   1          TR0 = 1;  // 启动定时器0
  21   1      }
  22          
  23          
  24          void Timer0_ISR(void) interrupt 1
  25          {
  26   1          TH0 = TH0_INIT;
  27   1          TL0 = TL0_INIT;
  28   1          if(current_mode == COUNTDOWN_MODE)
  29   1          {
  30   2              timer_flage++;
  31   2          }
  32   1          else
  33   1          {
  34   2            timer_flage = 0;
  35   2          }
  36   1      }
  37          


MODULE INFORMATION:   STATIC OVERLAYABLE
   CODE SIZE        =     53    ----
   CONSTANT SIZE    =   ----    ----
   XDATA SIZE       =   ----    ----
   PDATA SIZE       =   ----    ----
   DATA SIZE        =      2    ----
   IDATA SIZE       =   ----    ----
   BIT SIZE         =   ----    ----
END OF MODULE INFORMATION.


C51 COMPILATION COMPLETE.  0 WARNING(S),  0 ERROR(S)
