C51 COMPILER V9.60.7.0   ENCODER                                                           06/02/2025 23:22:16 PAGE 1   


C51 COMPILER V9.60.7.0, COMPILATION OF MODULE ENCODER
OBJECT MODULE PLACED IN .\Objects\encoder.obj
COMPILER INVOKED BY: D:\mcu\Keil_v5\C51\BIN\C51.EXE bsp\encoder\encoder.c LARGE OPTIMIZE(8,SPEED) BROWSE INCDIR(.\main;.
                    -\system;.\bsp\beep;.\bsp\eeprom;.\bsp\oled;.\bsp\encoder;.\bsp\timer0) DEBUG OBJECTEXTEND PRINT(.\Listings\encoder.lst) 
                    -TABS(2) OBJECT(.\Objects\encoder.obj)

line level    source

   1          #include "encoder.h"
   2          #include "uart.h"
   3          #include "oled.h"
   4          #include "timer0.h"
   5          
   6          
   7          /***************************************编码器按键的采集函数**********************************************
             -***********/
   8          #define EX2 0x10
   9          #define EX3 0x20
  10          #define EX4 0x40
  11          
  12          char encoder_samples[SAMPLE_COUNT] = {0};
  13          char sample_index = 0;
  14          bit sampling_ready = 0;
  15          
  16          volatile int time_h = 0;
  17          volatile int time_m = 0;
  18          volatile int time_s = 0;
  19          volatile long encoder_step = 0;
  20          
  21          
  22          enum Mode current_mode = SET_MODE;
  23          
  24          unsigned long last_encoder_time = 0;  // 上一次采样时间
  25          
  26          
  27          void encoder_init(void)
  28          {
  29   1        INTCLKO = EX2;
  30   1      
  31   1      }
  32          
  33          void INT2_Isr() interrupt 10
  34          { 
  35   1          if (current_mode == SET_MODE)
  36   1          {
  37   2              unsigned long now = getsystick();
  38   2              char direction = 0;
  39   2              // 非阻塞消抖：必须隔 ENCODER_DEBOUNCE_MS 毫秒才响应一次
  40   2              if (now - last_encoder_time < ENCODER_DEBOUNCE_MS)
  41   2                  return;  // 忽略本次抖动
  42   2      
  43   2              last_encoder_time = now;  // 更新上次有效时间
  44   2      
  45   2              // 根据B相判断方向
  46   2              if (ENCODER_B)
  47   2                  direction = +1;
  48   2              else
  49   2                  direction = -1;
  50   2      
  51   2              // 存入采样缓冲
  52   2              encoder_samples[sample_index++] = direction;
C51 COMPILER V9.60.7.0   ENCODER                                                           06/02/2025 23:22:16 PAGE 2   

  53   2      
  54   2              if (sample_index >= SAMPLE_COUNT)
  55   2              {
  56   3                  sample_index = 0;
  57   3                  sampling_ready = 1;
  58   3              }
  59   2          }
  60   1      }
  61          


MODULE INFORMATION:   STATIC OVERLAYABLE
   CODE SIZE        =    213    ----
   CONSTANT SIZE    =   ----    ----
   XDATA SIZE       =     20       5
   PDATA SIZE       =   ----    ----
   DATA SIZE        =   ----    ----
   IDATA SIZE       =   ----    ----
   BIT SIZE         =      1    ----
END OF MODULE INFORMATION.


C51 COMPILATION COMPLETE.  0 WARNING(S),  0 ERROR(S)
