C51 COMPILER V9.60.7.0   MAIN                                                              05/25/2025 13:09:47 PAGE 1   


C51 COMPILER V9.60.7.0, COMPILATION OF MODULE MAIN
OBJECT MODULE PLACED IN .\Objects\main.obj
COMPILER INVOKED BY: D:\mcu\Keil_v5\C51\BIN\C51.EXE main\main.c OPTIMIZE(8,SPEED) BROWSE INCDIR(.\main;.\system;.\bsp\be
                    -ep;.\bsp\eeprom;.\bsp\oled) DEBUG OBJECTEXTEND PRINT(.\Listings\main.lst) TABS(2) OBJECT(.\Objects\main.obj)

line level    source

   1          #include "config.h"
   2          #include "uart.h"
   3          #include "delay.h"
   4          
   5          #include "beep.h"
   6          #include "oled.h"
   7          #include "bmp.h"
   8          
   9          
  10          uint8_t t=' ';
  11          void main(void)
  12          {
  13   1          P3M1 &= ~(1 << 1);  // 清除 P3.1 的 M1 位
  14   1          P3M0 |=  (1 << 1);  // 设置 P3.1 的 M0 位 -> 推挽输出
  15   1        
  16   1      
  17   1        // P32 - I2C SDA
  18   1          P3M1 |=  (1 << 2);  // 设置 P3.2 的 M1 位
  19   1          P3M0 |=  (1 << 2);  // 设置 P3.2 的 M0 位 -> 开漏输出（I2C 要求）
  20   1      
  21   1          // P33 - I2C SCL
  22   1          P3M1 |=  (1 << 3);  // 设置 P3.3 的 M1 位
  23   1          P3M0 |=  (1 << 3);  // 设置 P3.3 的 M0 位 -> 开漏输出（I2C 要求）
  24   1      //    Buzzer_Pin_Init(); // 配置引脚
  25   1      //    PWM_Init();        // 初始化PWM
  26   1          UartInit(); 
  27   1          OLED_Init();//初始化OLED
  28   1          OLED_ColorTurn(0);//0正常显示，1 反色显示
  29   1          OLED_DisplayTurn(0);//0正常显示 1 屏幕翻转显示
  30   1          printf("system ok! \r\n");
  31   1          while(1) 
  32   1          {   
  33   2            //  OLED_WR_Byte(0xAE,OLED_CMD);//--turn off oled panel
  34   2      
  35   2      //      OLED_DrawBMP(0,0,128,64,BMP1);
  36   2      //      delay_ms(500);
  37   2      //      OLED_Clear();
  38   2      //      OLED_ShowChinese(0,0,0,16);//中
  39   2      //      OLED_ShowChinese(18,0,1,16);//景
  40   2      //      OLED_ShowChinese(36,0,2,16);//园
  41   2      //      OLED_ShowChinese(54,0,3,16);//电
  42   2      //      OLED_ShowChinese(72,0,4,16);//子
  43   2      //      OLED_ShowChinese(90,0,5,16);//科
  44   2      //      OLED_ShowChinese(108,0,6,16);//技
  45   2      //      OLED_ShowString(8,2,"ZHONGJINGYUAN",16);
  46   2      //      OLED_ShowString(20,4,"2014/05/01",16);
  47   2            OLED_ShowString(0,2,"13:05:43",32);
  48   2      //      OLED_ShowString(0,6,"ASCII:",16);  
  49   2      //      OLED_ShowString(63,6,"CODE:",16);
  50   2      //      OLED_ShowChar(48,6,t,16);
  51   2      //      t++;
  52   2      //      if(t>'~')t=' ';
  53   2      //      OLED_ShowNum(103,6,t,3,16);
  54   2      //      delay_ms(500);
C51 COMPILER V9.60.7.0   MAIN                                                              05/25/2025 13:09:47 PAGE 2   

  55   2      //      OLED_Clear();
  56   2          }   
  57   1      }


MODULE INFORMATION:   STATIC OVERLAYABLE
   CODE SIZE        =     61    ----
   CONSTANT SIZE    =   1047    ----
   XDATA SIZE       =   ----    ----
   PDATA SIZE       =   ----    ----
   DATA SIZE        =      1    ----
   IDATA SIZE       =   ----    ----
   BIT SIZE         =   ----    ----
END OF MODULE INFORMATION.


C51 COMPILATION COMPLETE.  0 WARNING(S),  0 ERROR(S)
